<?xml version="1.0" encoding="utf-8"?><testsuites name="pytest tests"><testsuite name="pytest" errors="0" failures="1" skipped="0" tests="30" time="7.198" timestamp="2026-08-22T18:39:26.003220+00:00" hostname="agent-env-3248786d-a919-4c6f-99cd-902bbbe13bce"><testcase classname="tests.backend_test.TestAuth" name="test_admin_login_role_admin" time="1.615" /><testcase classname="tests.backend_test.TestReports" name="test_create_report_and_ai_assessment" time="1.894" /><testcase classname="tests.backend_test.TestAuth" name="test_citizen_login_as_admin_rejected" time="0.268" /><testcase classname="tests.backend_test.TestAuth" name="test_citizen_login_user_role" time="0.269" /><testcase classname="tests.backend_test.TestReports" name="test_create_report_unauthenticated" time="0.294" /><testcase classname="tests.backend_test.TestAuth" name="test_admin_can_login_as_user_role" time="0.269" /><testcase classname="tests.backend_test.TestReports" name="test_create_report_invalid_severity" time="0.237" /><testcase classname="tests.backend_test.TestAuth" name="test_wrong_password" time="0.272" /><testcase classname="tests.backend_test.TestAuth" name="test_unknown_email" time="0.226" /><testcase classname="tests.backend_test.TestReports" name="test_list_mine_only_own" time="0.817" /><testcase classname="tests.backend_test.TestAuth" name="test_login_invalid_email_format" time="0.046" /><testcase classname="tests.backend_test.TestAuth" name="test_register_and_me_and_duplicate" time="0.418" /><testcase classname="tests.backend_test.TestReports" name="test_admin_sees_all" time="0.124" /><testcase classname="tests.backend_test.TestReports" name="test_admin_mine_filter" time="0.150" /><testcase classname="tests.backend_test.TestAuth" name="test_register_short_password" time="0.077" /><testcase classname="tests.backend_test.TestAuth" name="test_me_without_token" time="0.128" /><testcase classname="tests.backend_test.TestReports" name="test_public_reports_no_auth" time="0.107" /><testcase classname="tests.backend_test.TestAuth" name="test_me_bad_token" time="0.103" /><testcase classname="tests.backend_test.TestReports" name="test_get_other_users_report_forbidden" time="0.101" /><testcase classname="tests.backend_test.TestAuth" name="test_bcrypt_hash_format" time="0.079" /><testcase classname="tests.backend_test.TestReports" name="test_get_missing_report_404" time="0.054" /><testcase classname="tests.backend_test.TestStatsAndRoads" name="test_stats_overview" time="0.051" /><testcase classname="tests.backend_test.TestReports" name="test_advance_requires_admin" time="0.318" /><testcase classname="tests.backend_test.TestReports" name="test_advance_full_timeline" time="1.556" /><testcase classname="tests.backend_test.TestStatsAndRoads" name="test_stats_reflect_created_data" time="0.474" /><testcase classname="tests.backend_test.TestStatsAndRoads" name="test_identify_road" time="0.053" /><testcase classname="tests.backend_test.TestStatsAndRoads" name="test_identify_road_missing_params" time="0.096" /><testcase classname="tests.backend_test.TestSecurity" name="test_brute_force_lockout" time="1.785"><failure message="AssertionError: no rate limiting/lockout; codes=[401, 401, 401, 401, 401, 401]&#10;assert False&#10; +  where False = any(&lt;generator object TestSecurity.test_brute_force_lockout.&lt;locals&gt;.&lt;genexpr&gt; at 0xfeacf4f1ca00&gt;)">tests/backend_test.py:335: in test_brute_force_lockout
    assert any(c == 429 for c in codes), f"no rate limiting/lockout; codes={codes}"
E   AssertionError: no rate limiting/lockout; codes=[401, 401, 401, 401, 401, 401]
E   assert False
E    +  where False = any(&lt;generator object TestSecurity.test_brute_force_lockout.&lt;locals&gt;.&lt;genexpr&gt; at 0xfeacf4f1ca00&gt;)</failure></testcase><testcase classname="tests.backend_test.TestReports" name="test_advance_missing_report_404" time="0.270" /><testcase classname="tests.backend_test.TestReports" name="test_photo_base64_roundtrip" time="0.420" /></testsuite></testsuites>